<?xml version="1.0" encoding="UTF-8"?>
<!-- Generated by org.testng.reporters.JUnitXMLReporter -->
<testsuite ignored="0" hostname="Bishnus-MBP.fios-router.home" failures="5" tests="9" name="Test" time="92.525" errors="0" timestamp="2020-05-30T14:38:54 EDT">
  <testcase classname="com.hrms.testcases.LoginPageValidation" name="validAdminLogin" time="2.19"/>
  <testcase classname="com.hrms.testcases.LoginPageValidationHW" name="emptyPasswordValidation" time="0.338">
    <failure type="java.lang.AssertionError" message="Password cannot be empty expected:&amp;lt;Password cannot be empty&amp;gt; but was:&amp;lt;Text is not match&amp;gt;">
      <![CDATA[java.lang.AssertionError: Password cannot be empty expected:<Password cannot be empty> but was:<Text is not match>
at com.hrms.testcases.LoginPageValidationHW.emptyPasswordValidation(LoginPageValidationHW.java:50)
at java.base/java.util.ArrayList.forEach(ArrayList.java:1507)
... Removed 28 stack frames]]>
    </failure>
  </testcase> <!-- emptyPasswordValidation -->
  <testcase classname="com.hrms.testcases.LoginPageValidationHW" name="emptyUserNameValidation" time="0.31">
    <failure type="java.lang.AssertionError" message="Username cannot be empty expected:&amp;lt;Username cannot be empty&amp;gt; but was:&amp;lt;Text is not match&amp;gt;">
      <![CDATA[java.lang.AssertionError: Username cannot be empty expected:<Username cannot be empty> but was:<Text is not match>
at com.hrms.testcases.LoginPageValidationHW.emptyUserNameValidation(LoginPageValidationHW.java:40)
at java.base/java.util.ArrayList.forEach(ArrayList.java:1507)
... Removed 28 stack frames]]>
    </failure>
  </testcase> <!-- emptyUserNameValidation -->
  <testcase classname="com.hrms.testcases.LoginPageValidationHW" name="invalidPasswordValidation" time="1.674">
    <failure type="java.lang.AssertionError" message="Invalid credentials expected:&amp;lt;Invalid credentials&amp;gt; but was:&amp;lt;Text is not matched&amp;gt;">
      <![CDATA[java.lang.AssertionError: Invalid credentials expected:<Invalid credentials> but was:<Text is not matched>
at com.hrms.testcases.LoginPageValidationHW.invalidPasswordValidation(LoginPageValidationHW.java:58)
at java.base/java.util.ArrayList.forEach(ArrayList.java:1507)
... Removed 28 stack frames]]>
    </failure>
  </testcase> <!-- invalidPasswordValidation -->
  <testcase classname="com.hrms.testcases.LoginPageValidationHW" name="loginValidation" time="2.096"/>
  <testcase classname="com.hrms.testcases.LoginPageValidationHW" name="logoValidation" time="0.039"/>
  <testcase classname="com.hrms.testcases.LoginPageValidationHW" name="titleValidation" time="0.007">
    <failure type="java.lang.AssertionError" message="Human Management System expected:&amp;lt;Human Management System&amp;gt; but was:&amp;lt;Title is not found&amp;gt;">
      <![CDATA[java.lang.AssertionError: Human Management System expected:<Human Management System> but was:<Title is not found>
at com.hrms.testcases.LoginPageValidationHW.titleValidation(LoginPageValidationHW.java:17)
at java.base/java.util.ArrayList.forEach(ArrayList.java:1507)
... Removed 28 stack frames]]>
    </failure>
  </testcase> <!-- titleValidation -->
  <testcase classname="com.hrms.testcases.AddEmployeeValidationTest" name="addEmployeeValidation" time="8.214">
    <failure type="java.lang.IllegalArgumentException" message="Keys to send should be a not null CharSequence">
      <![CDATA[java.lang.IllegalArgumentException: Keys to send should be a not null CharSequence
at org.openqa.selenium.remote.RemoteWebElement.sendKeys(RemoteWebElement.java:97)
at org.openqa.selenium.support.pagefactory.internal.LocatingElementHandler.invoke(LocatingElementHandler.java:51)
at com.sun.proxy.$Proxy12.sendKeys(Unknown Source)
at com.hrms.utils.CommonMethods.sendText(CommonMethods.java:32)
at com.hrms.testcases.AddEmployeeValidationTest.addEmployeeValidation(AddEmployeeValidationTest.java:15)
at java.base/java.util.ArrayList.forEach(ArrayList.java:1507)
... Removed 31 stack frames]]>
    </failure>
  </testcase> <!-- addEmployeeValidation -->
  <testcase classname="com.hrms.testcases.DashBoardPageValidationTest" name="dashBoardValidation" time="8.638"/>
</testsuite> <!-- Test -->
